# Logfile created on 2014-04-05 15:17:31 +0100 by logger.rb/41954
I, [2014-04-05T15:17:31.857184 #51202]  INFO -- : 0:  addressable (2.3.6) from /Users/edwardelliott/.rvm/gems/ruby-2.0.0-p353/specifications/addressable-2.3.6.gemspec
I, [2014-04-05T15:17:31.857532 #51202]  INFO -- : 0:  builder (3.2.2) from /Users/edwardelliott/.rvm/gems/ruby-2.0.0-p353/specifications/builder-3.2.2.gemspec
I, [2014-04-05T15:17:32.979014 #51202]  INFO -- : 0:  mime-types (2.2) from /Users/edwardelliott/.rvm/gems/ruby-2.0.0-p353/specifications/mime-types-2.2.gemspec
I, [2014-04-05T15:17:33.941992 #51202]  INFO -- : 0:  mini_portile (0.5.3) from /Users/edwardelliott/.rvm/gems/ruby-2.0.0-p353/specifications/mini_portile-0.5.3.gemspec
I, [2014-04-05T15:17:33.942279 #51202]  INFO -- : 0:  nokogiri (1.6.1) from /Users/edwardelliott/.rvm/gems/ruby-2.0.0-p353/specifications/nokogiri-1.6.1.gemspec
I, [2014-04-05T15:17:33.942476 #51202]  INFO -- : 0:  rack (1.5.2) from /Users/edwardelliott/.rvm/gems/ruby-2.0.0-p353/specifications/rack-1.5.2.gemspec
I, [2014-04-05T15:17:33.942672 #51202]  INFO -- : 0:  rack-test (0.6.2) from /Users/edwardelliott/.rvm/gems/ruby-2.0.0-p353/specifications/rack-test-0.6.2.gemspec
I, [2014-04-05T15:17:33.942858 #51202]  INFO -- : 0:  xpath (2.0.0) from /Users/edwardelliott/.rvm/gems/ruby-2.0.0-p353/specifications/xpath-2.0.0.gemspec
I, [2014-04-05T15:17:33.943047 #51202]  INFO -- : 0:  capybara (2.2.1) from /Users/edwardelliott/.rvm/gems/ruby-2.0.0-p353/specifications/capybara-2.2.1.gemspec
I, [2014-04-05T15:17:33.943227 #51202]  INFO -- : 0:  diff-lcs (1.2.5) from /Users/edwardelliott/.rvm/gems/ruby-2.0.0-p353/specifications/diff-lcs-1.2.5.gemspec
I, [2014-04-05T15:17:33.943417 #51202]  INFO -- : 0:  multi_json (1.9.2) from /Users/edwardelliott/.rvm/gems/ruby-2.0.0-p353/specifications/multi_json-1.9.2.gemspec
I, [2014-04-05T15:17:33.943599 #51202]  INFO -- : 0:  gherkin (2.12.2) from /Users/edwardelliott/.rvm/gems/ruby-2.0.0-p353/specifications/gherkin-2.12.2.gemspec
I, [2014-04-05T15:17:35.276973 #51202]  INFO -- : 0:  multi_test (0.1.1) from /Users/edwardelliott/.rvm/gems/ruby-2.0.0-p353/specifications/multi_test-0.1.1.gemspec
I, [2014-04-05T15:17:36.962067 #51202]  INFO -- : 0:  cucumber (1.3.14) from /Users/edwardelliott/.rvm/gems/ruby-2.0.0-p353/specifications/cucumber-1.3.14.gemspec
I, [2014-04-05T15:17:36.962463 #51202]  INFO -- : 0:  extlib (0.9.16) from /Users/edwardelliott/.rvm/gems/ruby-2.0.0-p353/specifications/extlib-0.9.16.gemspec
I, [2014-04-05T15:17:38.260785 #51202]  INFO -- : 0:  highline (1.6.21) from /Users/edwardelliott/.rvm/gems/ruby-2.0.0-p353/specifications/highline-1.6.21.gemspec
I, [2014-04-05T15:17:38.261158 #51202]  INFO -- : 0:  templater (1.0.0) from /Users/edwardelliott/.rvm/gems/ruby-2.0.0-p353/specifications/templater-1.0.0.gemspec
I, [2014-04-05T15:17:38.261406 #51202]  INFO -- : 0:  cucumber-sinatra (0.5.0) from /Users/edwardelliott/.rvm/gems/ruby-2.0.0-p353/specifications/cucumber-sinatra-0.5.0.gemspec
I, [2014-04-05T15:17:38.261647 #51202]  INFO -- : 0:  database_cleaner (1.2.0) from /Users/edwardelliott/.rvm/gems/ruby-2.0.0-p353/specifications/database_cleaner-1.2.0.gemspec
I, [2014-04-05T15:17:38.261885 #51202]  INFO -- : 0:  launchy (2.4.2) from /Users/edwardelliott/.rvm/gems/ruby-2.0.0-p353/specifications/launchy-2.4.2.gemspec
I, [2014-04-05T15:17:38.262123 #51202]  INFO -- : 0:  rack-protection (1.5.2) from /Users/edwardelliott/.rvm/gems/ruby-2.0.0-p353/specifications/rack-protection-1.5.2.gemspec
I, [2014-04-05T15:17:39.542583 #51202]  INFO -- : 0:  rspec-core (2.14.8) from /Users/edwardelliott/.rvm/gems/ruby-2.0.0-p353/specifications/rspec-core-2.14.8.gemspec
I, [2014-04-05T15:17:39.542932 #51202]  INFO -- : 0:  rspec-expectations (2.14.5) from /Users/edwardelliott/.rvm/gems/ruby-2.0.0-p353/specifications/rspec-expectations-2.14.5.gemspec
I, [2014-04-05T15:17:40.689663 #51202]  INFO -- : 0:  rspec-mocks (2.14.6) from /Users/edwardelliott/.rvm/gems/ruby-2.0.0-p353/specifications/rspec-mocks-2.14.6.gemspec
I, [2014-04-05T15:17:40.690001 #51202]  INFO -- : 0:  rspec (2.14.1) from /Users/edwardelliott/.rvm/gems/ruby-2.0.0-p353/specifications/rspec-2.14.1.gemspec
I, [2014-04-05T15:17:40.690216 #51202]  INFO -- : 0:  shotgun (0.9) from /Users/edwardelliott/.rvm/gems/ruby-2.0.0-p353/specifications/shotgun-0.9.gemspec
I, [2014-04-05T15:17:40.690403 #51202]  INFO -- : 0:  tilt (1.4.1) from /Users/edwardelliott/.rvm/gems/ruby-2.0.0-p353/specifications/tilt-1.4.1.gemspec
I, [2014-04-05T15:17:40.690586 #51202]  INFO -- : 0:  sinatra (1.4.4) from /Users/edwardelliott/.rvm/gems/ruby-2.0.0-p353/specifications/sinatra-1.4.4.gemspec
I, [2014-04-05T15:17:40.690759 #51202]  INFO -- : 0:  bundler (1.5.1) from /Users/edwardelliott/.rvm/gems/ruby-2.0.0-p353/specifications/bundler-1.5.1.gemspec
I, [2014-06-26T22:54:41.845415 #18085]  INFO -- : 0:  addressable (2.3.6) from /Users/edwardelliott/.rvm/gems/ruby-2.0.0-p353/specifications/addressable-2.3.6.gemspec
I, [2014-06-26T22:54:41.846789 #18085]  INFO -- : 0:  builder (3.2.2) from /Users/edwardelliott/.rvm/gems/ruby-2.0.0-p353/specifications/builder-3.2.2.gemspec
I, [2014-06-26T22:54:41.847059 #18085]  INFO -- : 0:  mime-types (2.2) from /Users/edwardelliott/.rvm/gems/ruby-2.0.0-p353/specifications/mime-types-2.2.gemspec
I, [2014-06-26T22:54:41.847295 #18085]  INFO -- : 0:  mini_portile (0.5.3) from /Users/edwardelliott/.rvm/gems/ruby-2.0.0-p353/specifications/mini_portile-0.5.3.gemspec
I, [2014-06-26T22:54:41.847521 #18085]  INFO -- : 0:  nokogiri (1.6.1) from /Users/edwardelliott/.rvm/gems/ruby-2.0.0-p353/specifications/nokogiri-1.6.1.gemspec
I, [2014-06-26T22:54:41.847741 #18085]  INFO -- : 0:  rack (1.5.2) from /Users/edwardelliott/.rvm/gems/ruby-2.0.0-p353/specifications/rack-1.5.2.gemspec
I, [2014-06-26T22:54:41.847969 #18085]  INFO -- : 0:  rack-test (0.6.2) from /Users/edwardelliott/.rvm/gems/ruby-2.0.0-p353/specifications/rack-test-0.6.2.gemspec
I, [2014-06-26T22:54:41.848174 #18085]  INFO -- : 0:  xpath (2.0.0) from /Users/edwardelliott/.rvm/gems/ruby-2.0.0-p353/specifications/xpath-2.0.0.gemspec
I, [2014-06-26T22:54:41.848380 #18085]  INFO -- : 0:  capybara (2.2.1) from /Users/edwardelliott/.rvm/gems/ruby-2.0.0-p353/specifications/capybara-2.2.1.gemspec
I, [2014-06-26T22:54:41.848598 #18085]  INFO -- : 0:  diff-lcs (1.2.5) from /Users/edwardelliott/.rvm/gems/ruby-2.0.0-p353/specifications/diff-lcs-1.2.5.gemspec
I, [2014-06-26T22:54:41.848834 #18085]  INFO -- : 0:  multi_json (1.9.2) from /Users/edwardelliott/.rvm/gems/ruby-2.0.0-p353/specifications/multi_json-1.9.2.gemspec
I, [2014-06-26T22:54:41.849039 #18085]  INFO -- : 0:  gherkin (2.12.2) from /Users/edwardelliott/.rvm/gems/ruby-2.0.0-p353/specifications/gherkin-2.12.2.gemspec
I, [2014-06-26T22:54:41.849240 #18085]  INFO -- : 0:  multi_test (0.1.1) from /Users/edwardelliott/.rvm/gems/ruby-2.0.0-p353/specifications/multi_test-0.1.1.gemspec
I, [2014-06-26T22:54:41.849462 #18085]  INFO -- : 0:  cucumber (1.3.14) from /Users/edwardelliott/.rvm/gems/ruby-2.0.0-p353/specifications/cucumber-1.3.14.gemspec
I, [2014-06-26T22:54:41.849670 #18085]  INFO -- : 0:  extlib (0.9.16) from /Users/edwardelliott/.rvm/gems/ruby-2.0.0-p353/specifications/extlib-0.9.16.gemspec
I, [2014-06-26T22:54:41.849872 #18085]  INFO -- : 0:  highline (1.6.21) from /Users/edwardelliott/.rvm/gems/ruby-2.0.0-p353/specifications/highline-1.6.21.gemspec
I, [2014-06-26T22:54:41.850070 #18085]  INFO -- : 0:  templater (1.0.0) from /Users/edwardelliott/.rvm/gems/ruby-2.0.0-p353/specifications/templater-1.0.0.gemspec
I, [2014-06-26T22:54:41.850265 #18085]  INFO -- : 0:  cucumber-sinatra (0.5.0) from /Users/edwardelliott/.rvm/gems/ruby-2.0.0-p353/specifications/cucumber-sinatra-0.5.0.gemspec
I, [2014-06-26T22:54:41.850467 #18085]  INFO -- : 0:  database_cleaner (1.2.0) from /Users/edwardelliott/.rvm/gems/ruby-2.0.0-p353/specifications/database_cleaner-1.2.0.gemspec
I, [2014-06-26T22:54:41.850665 #18085]  INFO -- : 0:  launchy (2.4.2) from /Users/edwardelliott/.rvm/gems/ruby-2.0.0-p353/specifications/launchy-2.4.2.gemspec
I, [2014-06-26T22:54:41.850870 #18085]  INFO -- : 0:  rack-protection (1.5.2) from /Users/edwardelliott/.rvm/gems/ruby-2.0.0-p353/specifications/rack-protection-1.5.2.gemspec
I, [2014-06-26T22:54:41.851109 #18085]  INFO -- : 0:  rspec-core (2.14.8) from /Users/edwardelliott/.rvm/gems/ruby-2.0.0-p353/specifications/rspec-core-2.14.8.gemspec
I, [2014-06-26T22:54:41.851326 #18085]  INFO -- : 0:  rspec-expectations (2.14.5) from /Users/edwardelliott/.rvm/gems/ruby-2.0.0-p353/specifications/rspec-expectations-2.14.5.gemspec
I, [2014-06-26T22:54:41.851536 #18085]  INFO -- : 0:  rspec-mocks (2.14.6) from /Users/edwardelliott/.rvm/gems/ruby-2.0.0-p353/specifications/rspec-mocks-2.14.6.gemspec
I, [2014-06-26T22:54:41.851741 #18085]  INFO -- : 0:  rspec (2.14.1) from /Users/edwardelliott/.rvm/gems/ruby-2.0.0-p353/specifications/rspec-2.14.1.gemspec
I, [2014-06-26T22:54:41.851937 #18085]  INFO -- : 0:  shotgun (0.9) from /Users/edwardelliott/.rvm/gems/ruby-2.0.0-p353/specifications/shotgun-0.9.gemspec
I, [2014-06-26T22:54:41.852136 #18085]  INFO -- : 0:  tilt (1.4.1) from /Users/edwardelliott/.rvm/gems/ruby-2.0.0-p353/specifications/tilt-1.4.1.gemspec
I, [2014-06-26T22:54:41.852340 #18085]  INFO -- : 0:  sinatra (1.4.4) from /Users/edwardelliott/.rvm/gems/ruby-2.0.0-p353/specifications/sinatra-1.4.4.gemspec
I, [2014-06-26T22:54:41.852528 #18085]  INFO -- : 0:  bundler (1.5.1) from /Users/edwardelliott/.rvm/gems/ruby-2.0.0-p353/specifications/bundler-1.5.1.gemspec
